sample/manifest-merger-release-report.txt
-- Merging decision tree log ---
manifest
ADDED from AndroidManifest.xml:1:1
	package
		ADDED from AndroidManifest.xml:3:3
		INJECTED from AndroidManifest.xml:0:0
		INJECTED from AndroidManifest.xml:0:0
	android:versionName
		INJECTED from AndroidManifest.xml:0:0
		INJECTED from AndroidManifest.xml:0:0
	xmlns:android
		ADDED from AndroidManifest.xml:2:3
	android:versionCode
		INJECTED from AndroidManifest.xml:0:0
		INJECTED from AndroidManifest.xml:0:0
application
ADDED from AndroidManifest.xml:6:3
MERGED from com.android.support:appcompat-v7:22.0.0:22:5
MERGED from com.android.support:support-v4:22.0.0:22:5
MERGED from fr.rolandl:carousel:1.0.1:11:5
	android:label
		ADDED from AndroidManifest.xml:8:5
	android:allowBackup
		ADDED from AndroidManifest.xml:7:5
	android:icon
		ADDED from AndroidManifest.xml:9:5
	android:theme
		ADDED from AndroidManifest.xml:11:5
	android:logo
		ADDED from AndroidManifest.xml:10:5
activity#fr.rolandl.sample.carousel.Splash
ADDED from AndroidManifest.xml:13:5
	android:name
		ADDED from AndroidManifest.xml:14:9
intent-filter#android.intent.action.MAIN+android.intent.category.LAUNCHER
ADDED from AndroidManifest.xml:15:7
action#android.intent.action.MAIN
ADDED from AndroidManifest.xml:16:9
	android:name
		ADDED from AndroidManifest.xml:16:17
category#android.intent.category.LAUNCHER
ADDED from AndroidManifest.xml:17:9
	android:name
		ADDED from AndroidManifest.xml:17:19
activity#fr.rolandl.sample.carousel.MainActivity
ADDED from AndroidManifest.xml:21:5
	android:configChanges
		ADDED from AndroidManifest.xml:25:7
	android:icon
		ADDED from AndroidManifest.xml:24:9
	android:logo
		ADDED from AndroidManifest.xml:23:9
	android:name
		ADDED from AndroidManifest.xml:22:7
intent-filter#android.intent.action.MAIN+android.intent.category.PARENT_ACTIVITY
ADDED from AndroidManifest.xml:26:7
category#android.intent.category.PARENT_ACTIVITY
ADDED from AndroidManifest.xml:28:9
	android:name
		ADDED from AndroidManifest.xml:28:19
activity#fr.rolandl.sample.carousel.Welcome
ADDED from AndroidManifest.xml:32:5
	android:label
		ADDED from AndroidManifest.xml:34:9
	android:parentActivityName
		ADDED from AndroidManifest.xml:35:9
	android:name
		ADDED from AndroidManifest.xml:33:9
meta-data#android.support.PARENT_ACTIVITY
ADDED from AndroidManifest.xml:37:7
	android:value
		ADDED from AndroidManifest.xml:39:9
	android:name
		ADDED from AndroidManifest.xml:38:9
activity#fr.rolandl.sample.carousel.SecondaryActivity
ADDED from AndroidManifest.xml:43:5
	android:label
		ADDED from AndroidManifest.xml:46:7
	android:configChanges
		ADDED from AndroidManifest.xml:45:7
	android:name
		ADDED from AndroidManifest.xml:44:7
activity#fr.rolandl.sample.carousel.ThirdActivity
ADDED from AndroidManifest.xml:49:5
	android:label
		ADDED from AndroidManifest.xml:52:7
	android:configChanges
		ADDED from AndroidManifest.xml:51:7
	android:name
		ADDED from AndroidManifest.xml:50:7
uses-sdk
INJECTED from AndroidManifest.xml:0:0 reason: use-sdk injection requested
MERGED from com.android.support:appcompat-v7:22.0.0:20:5
MERGED from com.android.support:support-v4:22.0.0:20:5
MERGED from fr.rolandl:carousel:1.0.1:7:5
	android:targetSdkVersion
		INJECTED from AndroidManifest.xml:0:0
		INJECTED from AndroidManifest.xml:0:0
	android:minSdkVersion
		INJECTED from AndroidManifest.xml:0:0
		INJECTED from AndroidManifest.xml:0:0